This is pdfTeX, Version 3.14159265-2.6-1.40.17 (MiKTeX 2.9.6210 64-bit) (preloaded format=pdflatex 2017.4.19)  14 JUN 2018 17:17
entering extended mode
**./main.tex
(main.tex
LaTeX2e <2017/01/01> patch level 1
Babel <3.9r> and hyphenation patterns for 75 language(s) loaded.
(IEEEtran.cls
Document Class: IEEEtran 2012/11/21 V1.8c by Harald Hanche-Olsen and Anders Chr
istensen
-- Based on V1.7a by Michael Shell
-- See the "IEEEtran_HOWTO" manual for usage information.
-- http://www.michaelshell.org/tex/ieeetran/
\@IEEEtrantmpdimenA=\dimen102
\@IEEEtrantmpdimenB=\dimen103
\@IEEEtrantmpcountA=\count79
\@IEEEtrantmpcountB=\count80
\@IEEEtrantmptoksA=\toks14
LaTeX Font Info:    Try loading font information for OT1+ptm on input line 373.

("C:\Program Files\MiKTeX 2.9\tex\latex\psnfss\ot1ptm.fd"
File: ot1ptm.fd 2001/06/04 font definitions for OT1/ptm.
)
-- Using 8.5in x 11in (letter) paper.
-- Using PDF output.
\@IEEEnormalsizeunitybaselineskip=\dimen104
-- This is a 10 point document.
\CLASSINFOnormalsizebaselineskip=\dimen105
\CLASSINFOnormalsizeunitybaselineskip=\dimen106
\IEEEnormaljot=\dimen107
LaTeX Font Info:    Font shape `OT1/ptm/bx/n' in size <5> not available
(Font)              Font shape `OT1/ptm/b/n' tried instead on input line 731.
LaTeX Font Info:    Font shape `OT1/ptm/bx/it' in size <5> not available
(Font)              Font shape `OT1/ptm/b/it' tried instead on input line 731.
LaTeX Font Info:    Font shape `OT1/ptm/bx/n' in size <7> not available
(Font)              Font shape `OT1/ptm/b/n' tried instead on input line 731.
LaTeX Font Info:    Font shape `OT1/ptm/bx/it' in size <7> not available
(Font)              Font shape `OT1/ptm/b/it' tried instead on input line 731.
LaTeX Font Info:    Font shape `OT1/ptm/bx/n' in size <8> not available
(Font)              Font shape `OT1/ptm/b/n' tried instead on input line 731.
LaTeX Font Info:    Font shape `OT1/ptm/bx/it' in size <8> not available
(Font)              Font shape `OT1/ptm/b/it' tried instead on input line 731.
LaTeX Font Info:    Font shape `OT1/ptm/bx/n' in size <9> not available
(Font)              Font shape `OT1/ptm/b/n' tried instead on input line 731.
LaTeX Font Info:    Font shape `OT1/ptm/bx/it' in size <9> not available
(Font)              Font shape `OT1/ptm/b/it' tried instead on input line 731.
LaTeX Font Info:    Font shape `OT1/ptm/bx/n' in size <10> not available
(Font)              Font shape `OT1/ptm/b/n' tried instead on input line 731.
LaTeX Font Info:    Font shape `OT1/ptm/bx/it' in size <10> not available
(Font)              Font shape `OT1/ptm/b/it' tried instead on input line 731.
LaTeX Font Info:    Font shape `OT1/ptm/bx/n' in size <11> not available
(Font)              Font shape `OT1/ptm/b/n' tried instead on input line 731.
LaTeX Font Info:    Font shape `OT1/ptm/bx/it' in size <11> not available
(Font)              Font shape `OT1/ptm/b/it' tried instead on input line 731.
LaTeX Font Info:    Font shape `OT1/ptm/bx/n' in size <12> not available
(Font)              Font shape `OT1/ptm/b/n' tried instead on input line 731.
LaTeX Font Info:    Font shape `OT1/ptm/bx/it' in size <12> not available
(Font)              Font shape `OT1/ptm/b/it' tried instead on input line 731.
LaTeX Font Info:    Font shape `OT1/ptm/bx/n' in size <17> not available
(Font)              Font shape `OT1/ptm/b/n' tried instead on input line 731.
LaTeX Font Info:    Font shape `OT1/ptm/bx/it' in size <17> not available
(Font)              Font shape `OT1/ptm/b/it' tried instead on input line 731.
LaTeX Font Info:    Font shape `OT1/ptm/bx/n' in size <20> not available
(Font)              Font shape `OT1/ptm/b/n' tried instead on input line 731.
LaTeX Font Info:    Font shape `OT1/ptm/bx/it' in size <20> not available
(Font)              Font shape `OT1/ptm/b/it' tried instead on input line 731.
LaTeX Font Info:    Font shape `OT1/ptm/bx/n' in size <24> not available
(Font)              Font shape `OT1/ptm/b/n' tried instead on input line 731.
LaTeX Font Info:    Font shape `OT1/ptm/bx/it' in size <24> not available
(Font)              Font shape `OT1/ptm/b/it' tried instead on input line 731.
\IEEEilabelindentA=\dimen108
\IEEEilabelindentB=\dimen109
\IEEEilabelindent=\dimen110
\IEEEelabelindent=\dimen111
\IEEEdlabelindent=\dimen112
\IEEElabelindent=\dimen113
\IEEEiednormlabelsep=\dimen114
\IEEEiedmathlabelsep=\dimen115
\IEEEiedtopsep=\skip41
\c@section=\count81
\c@subsection=\count82
\c@subsubsection=\count83
\c@paragraph=\count84
\c@IEEEsubequation=\count85
\abovecaptionskip=\skip42
\belowcaptionskip=\skip43
\c@figure=\count86
\c@table=\count87
\@IEEEeqnnumcols=\count88
\@IEEEeqncolcnt=\count89
\@IEEEtmpitemindent=\dimen116
\c@IEEEbiography=\count90
\@IEEEtranrubishbin=\box26
)
("C:\Users\Marius Becherer\AppData\Roaming\MiKTeX\2.9\tex\latex\blindtext\blind
text.sty"
Package: blindtext 2012/01/06 V2.0 blindtext-Package
 ("C:\Program Files\MiKTeX 2.9\tex\latex\tools\xspace.sty"
Package: xspace 2014/10/28 v1.13 Space after command names (DPC,MH)
)
\c@blindtext=\count91
\c@Blindtext=\count92
\c@blind@countparstart=\count93
\blind@countxx=\count94
\blindtext@numBlindtext=\count95
\blind@countyy=\count96
\c@blindlist=\count97
\c@blindlistlevel=\count98
\c@blindlist@level=\count99
\blind@listitem=\count100
\c@blind@listcount=\count101
\c@blind@levelcount=\count102
\blind@mathformula=\count103
\blind@Mathformula=\count104
\c@blind@randomcount=\count105
\c@blind@randommax=\count106
\c@blind@pangramcount=\count107
\c@blind@pangrammax=\count108
)
("C:\Users\Marius Becherer\AppData\Roaming\MiKTeX\2.9\tex\latex\enumitem\enumit
em.sty"
Package: enumitem 2011/09/28 v3.5.2 Customized lists
\enitkv@toks@=\toks15
\labelindent=\skip44
\enit@outerparindent=\dimen117
\enit@toks=\toks16
\enit@inbox=\box27
\enitdp@description=\count109
) ("C:\Program Files\MiKTeX 2.9\tex\latex\graphics\graphicx.sty"
Package: graphicx 2014/10/28 v1.0g Enhanced LaTeX Graphics (DPC,SPQR)

("C:\Program Files\MiKTeX 2.9\tex\latex\graphics\keyval.sty"
Package: keyval 2014/10/28 v1.15 key=value parser (DPC)
\KV@toks@=\toks17
)
("C:\Program Files\MiKTeX 2.9\tex\latex\graphics\graphics.sty"
Package: graphics 2016/10/09 v1.0u Standard LaTeX Graphics (DPC,SPQR)

("C:\Program Files\MiKTeX 2.9\tex\latex\graphics\trig.sty"
Package: trig 2016/01/03 v1.10 sin cos tan (DPC)
)
("C:\Program Files\MiKTeX 2.9\tex\latex\graphics-cfg\graphics.cfg"
File: graphics.cfg 2016/06/04 v1.11 sample graphics configuration
)
Package graphics Info: Driver file: pdftex.def on input line 99.

("C:\Program Files\MiKTeX 2.9\tex\latex\graphics-def\pdftex.def"
File: pdftex.def 2017/01/12 v0.06k Graphics/color for pdfTeX

("C:\Program Files\MiKTeX 2.9\tex\generic\oberdiek\infwarerr.sty"
Package: infwarerr 2016/05/16 v1.4 Providing info/warning/error messages (HO)
)
("C:\Program Files\MiKTeX 2.9\tex\generic\oberdiek\ltxcmds.sty"
Package: ltxcmds 2016/05/16 v1.23 LaTeX kernel commands for general use (HO)
)
\Gread@gobject=\count110
))
\Gin@req@height=\dimen118
\Gin@req@width=\dimen119
)
("C:\Users\Marius Becherer\AppData\Roaming\MiKTeX\2.9\tex\latex\glossaries\base
\glossaries.sty"
Package: glossaries 2018/04/07 v4.37 (NLCT)
 ("C:\Program Files\MiKTeX 2.9\tex\latex\base\ifthen.sty"
Package: ifthen 2014/09/29 v1.1c Standard LaTeX ifthen package (DPC)
)
("C:\Program Files\MiKTeX 2.9\tex\latex\xkeyval\xkeyval.sty"
Package: xkeyval 2014/12/03 v2.7a package option processing (HA)

("C:\Program Files\MiKTeX 2.9\tex\generic\xkeyval\xkeyval.tex"
("C:\Program Files\MiKTeX 2.9\tex\generic\xkeyval\xkvutils.tex"
\XKV@toks=\toks18
\XKV@tempa@toks=\toks19
)
\XKV@depth=\count111
File: xkeyval.tex 2014/12/03 v2.7a key=value parser (HA)
))
("C:\Users\Marius Becherer\AppData\Roaming\MiKTeX\2.9\tex\latex\mfirstuc\mfirst
uc.sty"
Package: mfirstuc 2017/11/14 v2.06 (NLCT)

("C:\Users\Marius Becherer\AppData\Roaming\MiKTeX\2.9\tex\latex\etoolbox\etoolb
ox.sty"
Package: etoolbox 2017/01/02 v2.4 e-TeX tools for LaTeX (JAW)
\etb@tempcnta=\count112
)
\@glsmfirst=\toks20
\@glsmrest=\toks21
)
("C:\Users\Marius Becherer\AppData\Roaming\MiKTeX\2.9\tex\latex\textcase\textca
se.sty"
Package: textcase 2004/10/07 v0.07 Text only upper/lower case changing (DPC)
)
("C:\Users\Marius Becherer\AppData\Roaming\MiKTeX\2.9\tex\latex\xfor\xfor.sty"
Package: xfor 2009/02/05 v1.05 (NLCT)
)
("C:\Users\Marius Becherer\AppData\Roaming\MiKTeX\2.9\tex\latex\datatool\datato
ol-base.sty"
Package: datatool-base 2018/04/16 v2.30 (NLCT)
 ("C:\Program Files\MiKTeX 2.9\tex\latex\amsmath\amsmath.sty"
Package: amsmath 2016/11/05 v2.16a AMS math features
\@mathmargin=\skip45

For additional information on amsmath, use the `?' option.
("C:\Program Files\MiKTeX 2.9\tex\latex\amsmath\amstext.sty"
Package: amstext 2000/06/29 v2.01 AMS text

("C:\Program Files\MiKTeX 2.9\tex\latex\amsmath\amsgen.sty"
File: amsgen.sty 1999/11/30 v2.0 generic functions
\@emptytoks=\toks22
\ex@=\dimen120
))
("C:\Program Files\MiKTeX 2.9\tex\latex\amsmath\amsbsy.sty"
Package: amsbsy 1999/11/29 v1.2d Bold Symbols
\pmbraise@=\dimen121
)
("C:\Program Files\MiKTeX 2.9\tex\latex\amsmath\amsopn.sty"
Package: amsopn 2016/03/08 v2.02 operator names
)
\inf@bad=\count113
LaTeX Info: Redefining \frac on input line 213.
\uproot@=\count114
\leftroot@=\count115
LaTeX Info: Redefining \overline on input line 375.
\classnum@=\count116
\DOTSCASE@=\count117
LaTeX Info: Redefining \ldots on input line 472.
LaTeX Info: Redefining \dots on input line 475.
LaTeX Info: Redefining \cdots on input line 596.
\Mathstrutbox@=\box28
\strutbox@=\box29
\big@size=\dimen122
LaTeX Font Info:    Redeclaring font encoding OML on input line 712.
LaTeX Font Info:    Redeclaring font encoding OMS on input line 713.
\macc@depth=\count118
\c@MaxMatrixCols=\count119
\dotsspace@=\muskip10
\c@parentequation=\count120
\dspbrk@lvl=\count121
\tag@help=\toks23
\row@=\count122
\column@=\count123
\maxfields@=\count124
\andhelp@=\toks24
\eqnshift@=\dimen123
\alignsep@=\dimen124
\tagshift@=\dimen125
\tagwidth@=\dimen126
\totwidth@=\dimen127
\lineht@=\dimen128
\@envbody=\toks25
\multlinegap=\skip46
\multlinetaggap=\skip47
\mathdisplay@stack=\toks26
LaTeX Info: Redefining \[ on input line 2817.
LaTeX Info: Redefining \] on input line 2818.
)
("C:\Users\Marius Becherer\AppData\Roaming\MiKTeX\2.9\tex\latex\substr\substr.s
ty"
Package: substr 2009/10/20 v1.2 Handle substrings
\c@su@anzahl=\count125
)
("C:\Users\Marius Becherer\AppData\Roaming\MiKTeX\2.9\tex\latex\datatool\datato
ol-fp.sty"
Package: datatool-fp 2018/04/16 v2.30 (NLCT)

("C:\Users\Marius Becherer\AppData\Roaming\MiKTeX\2.9\tex\latex\fp\fp.sty"
Package: fp 1995/04/02

`Fixed Point Package', Version 0.8, April 2, 1995 (C) Michael Mehlich
("C:\Users\Marius Becherer\AppData\Roaming\MiKTeX\2.9\tex\latex\fp\defpattern.s
ty"
Package: defpattern 1994/10/12
\actioncount=\count126
)
("C:\Users\Marius Becherer\AppData\Roaming\MiKTeX\2.9\tex\latex\fp\fp-basic.sty
"
Package: fp-basic 1996/05/13
\FP@xs=\count127
\FP@xia=\count128
\FP@xib=\count129
\FP@xfa=\count130
\FP@xfb=\count131
\FP@rega=\count132
\FP@regb=\count133
\FP@regs=\count134
\FP@times=\count135
)
("C:\Users\Marius Becherer\AppData\Roaming\MiKTeX\2.9\tex\latex\fp\fp-addons.st
y"
Package: fp-addons 1995/03/15
)
("C:\Users\Marius Becherer\AppData\Roaming\MiKTeX\2.9\tex\latex\fp\fp-snap.sty"
Package: fp-snap 1995/04/05
) ("C:\Users\Marius Becherer\AppData\Roaming\MiKTeX\2.9\tex\latex\fp\fp-exp.sty
"
Package: fp-exp 1995/04/03
)
("C:\Users\Marius Becherer\AppData\Roaming\MiKTeX\2.9\tex\latex\fp\fp-trigo.sty
"
Package: fp-trigo 1995/04/14
) ("C:\Users\Marius Becherer\AppData\Roaming\MiKTeX\2.9\tex\latex\fp\fp-pas.sty
"
Package: fp-pas 1994/08/29
)
("C:\Users\Marius Becherer\AppData\Roaming\MiKTeX\2.9\tex\latex\fp\fp-random.st
y"
Package: fp-random 1995/02/23
\FPseed=\count136
)
("C:\Users\Marius Becherer\AppData\Roaming\MiKTeX\2.9\tex\latex\fp\fp-eqn.sty"
Package: fp-eqn 1995/04/03
) ("C:\Users\Marius Becherer\AppData\Roaming\MiKTeX\2.9\tex\latex\fp\fp-upn.sty
"
Package: fp-upn 1996/10/21
) ("C:\Users\Marius Becherer\AppData\Roaming\MiKTeX\2.9\tex\latex\fp\fp-eval.st
y"
Package: fp-eval 1995/04/03
)))
\@dtl@toks=\toks27
\@dtl@tmpcount=\count137
\dtl@tmplength=\skip48
\dtl@sortresult=\count138
\@dtl@numgrpsepcount=\count139
\@dtl@datatype=\count140
\dtl@codeA=\count141
\dtl@codeB=\count142
\@dtl@foreach@level=\count143
)
("C:\Users\Marius Becherer\AppData\Roaming\MiKTeX\2.9\tex\latex\glossaries\base
\glossaries-compatible-307.sty"
Package: glossaries-compatible-307 2018/04/07 v4.37 (NLCT)
)
\gls@level=\count144
\@gls@tmpb=\toks28
\gls@tmplen=\skip49
\glskeylisttok=\toks29
\glslabeltok=\toks30
\glsshorttok=\toks31
\glslongtok=\toks32

("C:\Users\Marius Becherer\AppData\Roaming\MiKTeX\2.9\tex\latex\glossaries\styl
es\glossary-hypernav.sty"
Package: glossary-hypernav 2018/04/07 v4.37 (NLCT)
)
("C:\Users\Marius Becherer\AppData\Roaming\MiKTeX\2.9\tex\latex\glossaries\styl
es\glossary-list.sty"
Package: glossary-list 2018/04/07 v4.37 (NLCT)
\glslistdottedwidth=\skip50
)
("C:\Users\Marius Becherer\AppData\Roaming\MiKTeX\2.9\tex\latex\glossaries\styl
es\glossary-long.sty"
Package: glossary-long 2018/04/07 v4.37 (NLCT)

("C:\Program Files\MiKTeX 2.9\tex\latex\tools\longtable.sty"
Package: longtable 2014/10/28 v4.11 Multi-page Table package (DPC)
\LTleft=\skip51
\LTright=\skip52
\LTpre=\skip53
\LTpost=\skip54
\LTchunksize=\count145
\LTcapwidth=\dimen129
\LT@head=\box30
\LT@firsthead=\box31
\LT@foot=\box32
\LT@lastfoot=\box33
\LT@cols=\count146
\LT@rows=\count147
\c@LT@tables=\count148
\c@LT@chunks=\count149
\LT@p@ftn=\toks33
)
\glsdescwidth=\skip55
\glspagelistwidth=\skip56
)
("C:\Users\Marius Becherer\AppData\Roaming\MiKTeX\2.9\tex\latex\glossaries\styl
es\glossary-super.sty"
Package: glossary-super 2018/04/07 v4.37 (NLCT)

("C:\Users\Marius Becherer\AppData\Roaming\MiKTeX\2.9\tex\latex\supertabular\su
pertabular.sty"
Package: supertabular 2004/02/20 v4.1e the supertabular environment
\c@tracingst=\count150
\ST@wd=\dimen130
\ST@rightskip=\skip57
\ST@leftskip=\skip58
\ST@parfillskip=\skip59
\ST@pageleft=\dimen131
\ST@headht=\dimen132
\ST@tailht=\dimen133
\ST@pagesofar=\dimen134
\ST@pboxht=\dimen135
\ST@lineht=\dimen136
\ST@stretchht=\dimen137
\ST@prevht=\dimen138
\ST@toadd=\dimen139
\ST@dimen=\dimen140
\ST@pbox=\box34
))
("C:\Users\Marius Becherer\AppData\Roaming\MiKTeX\2.9\tex\latex\glossaries\styl
es\glossary-tree.sty"
Package: glossary-tree 2018/04/07 v4.37 (NLCT)
\glstreeindent=\skip60
))
("C:\Users\Marius Becherer\AppData\Roaming\MiKTeX\2.9\tex\latex\caption\subcapt
ion.sty"
Package: subcaption 2016/05/22 v1.1-161 Sub-captions (AR)

("C:\Users\Marius Becherer\AppData\Roaming\MiKTeX\2.9\tex\latex\caption\caption
.sty"
Package: caption 2016/02/21 v3.3-144 Customizing captions (AR)

("C:\Users\Marius Becherer\AppData\Roaming\MiKTeX\2.9\tex\latex\caption\caption
3.sty"
Package: caption3 2016/05/22 v1.7-166 caption3 kernel (AR)
Package caption3 Info: TeX engine: e-TeX on input line 67.
\captionmargin=\dimen141
\captionmargin@=\dimen142
\captionwidth=\dimen143
\caption@tempdima=\dimen144
\caption@indent=\dimen145
\caption@parindent=\dimen146
\caption@hangindent=\dimen147
Package caption Info: Unknown document class (or package),
(caption)             standard defaults will be used.
)

Package caption Warning: Unsupported document class (or package) detected,
(caption)                usage of the caption package is not recommended.
See the caption package documentation for explanation.

Package caption Info: \@makecaption = \long macro:#1#2->\ifx \@captype \@IEEEta
blestring \footnotesize {\centering \normalfont \footnotesize #1.\qquad \scshap
e #2\par }\@IEEEtablecaptionsepspace \else \@IEEEfigurecaptionsepspace \setbox 
\@tempboxa \hbox {\normalfont \footnotesize {#1.}~~ #2}\ifdim \wd \@tempboxa >\
hsize \setbox \@tempboxa \hbox {\normalfont \footnotesize {#1.}~~ }\parbox [t]{
\hsize }{\normalfont \footnotesize \noindent \unhbox \@tempboxa #2}\else \ifCLA
SSOPTIONconference \hbox to\hsize {\normalfont \footnotesize \box \@tempboxa \h
fil }\else \hbox to\hsize {\normalfont \footnotesize \box \@tempboxa \hfil }\fi
 \fi \fi .
\c@ContinuedFloat=\count151
Package caption Info: longtable package is loaded.

("C:\Users\Marius Becherer\AppData\Roaming\MiKTeX\2.9\tex\latex\caption\ltcapti
on.sty"
Package: ltcaption 2013/06/09 v1.4-94 longtable captions (AR)
)
Package caption Info: supertabular package is loaded.
)
\c@subfigure=\count152
\c@subtable=\count153
) ("C:\Program Files\MiKTeX 2.9\tex\latex\hyperref\hyperref.sty"
Package: hyperref 2016/06/24 v6.83q Hypertext links for LaTeX

("C:\Program Files\MiKTeX 2.9\tex\generic\oberdiek\hobsub-hyperref.sty"
Package: hobsub-hyperref 2016/05/16 v1.14 Bundle oberdiek, subset hyperref (HO)


("C:\Program Files\MiKTeX 2.9\tex\generic\oberdiek\hobsub-generic.sty"
Package: hobsub-generic 2016/05/16 v1.14 Bundle oberdiek, subset generic (HO)
Package: hobsub 2016/05/16 v1.14 Construct package bundles (HO)
Package hobsub Info: Skipping package `infwarerr' (already loaded).
Package hobsub Info: Skipping package `ltxcmds' (already loaded).
Package: ifluatex 2016/05/16 v1.4 Provides the ifluatex switch (HO)
Package ifluatex Info: LuaTeX not detected.
Package: ifvtex 2016/05/16 v1.6 Detect VTeX and its facilities (HO)
Package ifvtex Info: VTeX not detected.
Package: intcalc 2016/05/16 v1.2 Expandable calculations with integers (HO)
Package: ifpdf 2016/05/14 v3.1 Provides the ifpdf switch
Package: etexcmds 2016/05/16 v1.6 Avoid name clashes with e-TeX commands (HO)
Package etexcmds Info: Could not find \expanded.
(etexcmds)             That can mean that you are not using pdfTeX 1.50 or
(etexcmds)             that some package has redefined \expanded.
(etexcmds)             In the latter case, load this package earlier.
Package: kvsetkeys 2016/05/16 v1.17 Key value parser (HO)
Package: kvdefinekeys 2016/05/16 v1.4 Define keys (HO)
Package: pdftexcmds 2016/05/21 v0.22 Utility functions of pdfTeX for LuaTeX (HO
)
Package pdftexcmds Info: LuaTeX not detected.
Package pdftexcmds Info: \pdf@primitive is available.
Package pdftexcmds Info: \pdf@ifprimitive is available.
Package pdftexcmds Info: \pdfdraftmode found.
Package: pdfescape 2016/05/16 v1.14 Implements pdfTeX's escape features (HO)
Package: bigintcalc 2016/05/16 v1.4 Expandable calculations on big integers (HO
)
Package: bitset 2016/05/16 v1.2 Handle bit-vector datatype (HO)
Package: uniquecounter 2016/05/16 v1.3 Provide unlimited unique counter (HO)
)
Package hobsub Info: Skipping package `hobsub' (already loaded).
Package: letltxmacro 2016/05/16 v1.5 Let assignment for LaTeX macros (HO)
Package: hopatch 2016/05/16 v1.3 Wrapper for package hooks (HO)
Package: xcolor-patch 2016/05/16 xcolor patch
Package: atveryend 2016/05/16 v1.9 Hooks at the very end of document (HO)
Package: atbegshi 2016/06/09 v1.18 At begin shipout hook (HO)
Package: refcount 2016/05/16 v3.5 Data extraction from label references (HO)
Package: hycolor 2016/05/16 v1.8 Color options for hyperref/bookmark (HO)
)
("C:\Program Files\MiKTeX 2.9\tex\generic\ifxetex\ifxetex.sty"
Package: ifxetex 2010/09/12 v0.6 Provides ifxetex conditional
)
("C:\Program Files\MiKTeX 2.9\tex\latex\oberdiek\auxhook.sty"
Package: auxhook 2016/05/16 v1.4 Hooks for auxiliary files (HO)
)
("C:\Program Files\MiKTeX 2.9\tex\latex\oberdiek\kvoptions.sty"
Package: kvoptions 2016/05/16 v3.12 Key value format for package options (HO)
)
\@linkdim=\dimen148
\Hy@linkcounter=\count154
\Hy@pagecounter=\count155

("C:\Program Files\MiKTeX 2.9\tex\latex\hyperref\pd1enc.def"
File: pd1enc.def 2016/06/24 v6.83q Hyperref: PDFDocEncoding definition (HO)
)
\Hy@SavedSpaceFactor=\count156

("C:\Program Files\MiKTeX 2.9\tex\latex\00miktex\hyperref.cfg"
File: hyperref.cfg 2002/06/06 v1.2 hyperref configuration of TeXLive
)
Package hyperref Info: Option `bookmarksopen' set `true' on input line 4362.
Package hyperref Info: Option `breaklinks' set `true' on input line 4362.
Package hyperref Info: Hyper figures OFF on input line 4486.
Package hyperref Info: Link nesting OFF on input line 4491.
Package hyperref Info: Hyper index ON on input line 4494.
Package hyperref Info: Plain pages OFF on input line 4501.
Package hyperref Info: Backreferencing OFF on input line 4506.
Package hyperref Info: Implicit mode ON; LaTeX internals redefined.
Package hyperref Info: Bookmarks ON on input line 4735.
\c@Hy@tempcnt=\count157

("C:\Users\Marius Becherer\AppData\Roaming\MiKTeX\2.9\tex\latex\url\url.sty"
\Urlmuskip=\muskip11
Package: url 2013/09/16  ver 3.4  Verb mode for urls, etc.
)
LaTeX Info: Redefining \url on input line 5088.
\XeTeXLinkMargin=\dimen149
\Fld@menulength=\count158
\Field@Width=\dimen150
\Fld@charsize=\dimen151
Package hyperref Info: Hyper figures OFF on input line 6342.
Package hyperref Info: Link nesting OFF on input line 6347.
Package hyperref Info: Hyper index ON on input line 6350.
Package hyperref Info: backreferencing OFF on input line 6357.
Package hyperref Info: Link coloring OFF on input line 6362.
Package hyperref Info: Link coloring with OCG OFF on input line 6367.
Package hyperref Info: PDF/A mode OFF on input line 6372.
LaTeX Info: Redefining \ref on input line 6412.
LaTeX Info: Redefining \pageref on input line 6416.
\Hy@abspage=\count159
\c@Item=\count160
\c@Hfootnote=\count161
)

Package hyperref Message: Driver (autodetected): hpdftex.

("C:\Program Files\MiKTeX 2.9\tex\latex\hyperref\hpdftex.def"
File: hpdftex.def 2016/06/24 v6.83q Hyperref driver for pdfTeX
\Fld@listcount=\count162
\c@bookmark@seq@number=\count163

("C:\Program Files\MiKTeX 2.9\tex\latex\oberdiek\rerunfilecheck.sty"
Package: rerunfilecheck 2016/05/16 v1.8 Rerun checks for auxiliary files (HO)
Package uniquecounter Info: New unique counter `rerunfilecheck' on input line 2
82.
)
\Hy@SectionHShift=\skip61
)
(main.aux

LaTeX Warning: Label `fig:microsoftgestenerkennung' multiply defined.

)
\openout1 = `main.aux'.

LaTeX Font Info:    Checking defaults for OML/cmm/m/it on input line 23.
LaTeX Font Info:    ... okay on input line 23.
LaTeX Font Info:    Checking defaults for T1/cmr/m/n on input line 23.
LaTeX Font Info:    ... okay on input line 23.
LaTeX Font Info:    Checking defaults for OT1/cmr/m/n on input line 23.
LaTeX Font Info:    ... okay on input line 23.
LaTeX Font Info:    Checking defaults for OMS/cmsy/m/n on input line 23.
LaTeX Font Info:    ... okay on input line 23.
LaTeX Font Info:    Checking defaults for OMX/cmex/m/n on input line 23.
LaTeX Font Info:    ... okay on input line 23.
LaTeX Font Info:    Checking defaults for U/cmr/m/n on input line 23.
LaTeX Font Info:    ... okay on input line 23.
LaTeX Font Info:    Checking defaults for PD1/pdf/m/n on input line 23.
LaTeX Font Info:    ... okay on input line 23.

("C:\Users\Marius Becherer\AppData\Roaming\MiKTeX\2.9\tex\context\base\supp-pdf
.mkii"
[Loading MPS to PDF converter (version 2006.09.02).]
\scratchcounter=\count164
\scratchdimen=\dimen152
\scratchbox=\box35
\nofMPsegments=\count165
\nofMParguments=\count166
\everyMPshowfont=\toks34
\MPscratchCnt=\count167
\MPscratchDim=\dimen153
\MPnumerator=\count168
\makeMPintoPDFobject=\count169
\everyMPtoPDFconversion=\toks35
) ("C:\Program Files\MiKTeX 2.9\tex\latex\oberdiek\epstopdf-base.sty"
Package: epstopdf-base 2016/05/15 v2.6 Base part for package epstopdf

("C:\Program Files\MiKTeX 2.9\tex\latex\oberdiek\grfext.sty"
Package: grfext 2016/05/16 v1.2 Manage graphics extensions (HO)
)
Package epstopdf-base Info: Redefining graphics rule for `.eps' on input line 4
38.
Package grfext Info: Graphics extension search list:
(grfext)             [.png,.pdf,.jpg,.mps,.jpeg,.jbig2,.jb2,.PNG,.PDF,.JPG,.JPE
G,.JBIG2,.JB2,.eps]
(grfext)             \AppendGraphicsExtensions on input line 456.
)
Package caption Info: Begin \AtBeginDocument code.
Package caption Info: hyperref package is loaded.
Package caption Info: End \AtBeginDocument code.
\AtBeginShipoutBox=\box36
Package hyperref Info: Link coloring OFF on input line 23.

("C:\Program Files\MiKTeX 2.9\tex\latex\hyperref\nameref.sty"
Package: nameref 2016/05/21 v2.44 Cross-referencing by name of section

("C:\Program Files\MiKTeX 2.9\tex\generic\oberdiek\gettitlestring.sty"
Package: gettitlestring 2016/05/16 v1.5 Cleanup title references (HO)
)
\c@section@level=\count170
)
LaTeX Info: Redefining \ref on input line 23.
LaTeX Info: Redefining \pageref on input line 23.
LaTeX Info: Redefining \nameref on input line 23.

(main.out) (main.out)
\@outlinefile=\write3
\openout3 = `main.out'.

LaTeX Font Info:    Calculating math sizes for size <11> on input line 49.
Missing character: There is no √ in font ptmb7t!
Missing character: There is no º in font ptmb7t!
Missing character: There is no √ in font ptmb7t!
Missing character: There is no ∂ in font ptmb7t!
Missing character: There is no √ in font ptmb7t!
Missing character: There is no º in font ptmb7t!
Missing character: There is no √ in font ptmb7t!
Missing character: There is no § in font ptmb7t!
Missing character: There is no √ in font ptmb7t!
Missing character: There is no º in font ptmb7t!
Missing character: There is no √ in font ptmb7t!
Missing character: There is no § in font ptmb7t!
Missing character: There is no √ in font ptmb7t!
Missing character: There is no ∂ in font ptmb7t!
Missing character: There is no √ in font ptmb7t!
Missing character: There is no º in font ptmb7t!
 (Sections/Einfuerung.tex
Missing character: There is no √ in font ptmrc7t!
Missing character: There is no º in font ptmrc7t!
Missing character: There is no √ in font ptmr7t!
Missing character: There is no º in font ptmr7t!
Missing character: There is no √ in font ptmr7t!
Missing character: There is no § in font ptmr7t!
Missing character: There is no √ in font ptmr7t!
Missing character: There is no § in font ptmr7t!
Missing character: There is no √ in font ptmr7t!
Missing character: There is no § in font ptmr7t!
Missing character: There is no √ in font ptmr7t!
Missing character: There is no § in font ptmr7t!
Missing character: There is no √ in font ptmr7t!
Missing character: There is no ∂ in font ptmr7t!
Missing character: There is no √ in font ptmr7t!
Missing character: There is no º in font ptmr7t!
Missing character: There is no √ in font ptmr7t!
Missing character: There is no º in font ptmr7t!
Missing character: There is no √ in font ptmr7t!
Missing character: There is no º in font ptmr7t!
Missing character: There is no √ in font ptmr7t!
Missing character: There is no º in font ptmr7t!
Missing character: There is no √ in font ptmr7t!
Missing character: There is no º in font ptmr7t!
Missing character: There is no √ in font ptmr7t!
Missing character: There is no § in font ptmr7t!
Missing character: There is no √ in font ptmr7t!
Missing character: There is no ú in font ptmr7t!
Missing character: There is no √ in font ptmr7t!
Missing character: There is no § in font ptmr7t!
Missing character: There is no √ in font ptmr7t!
Missing character: There is no § in font ptmr7t!
Missing character: There is no √ in font ptmr7t!
Missing character: There is no ∂ in font ptmr7t!
Missing character: There is no √ in font ptmr7t!
Missing character: There is no § in font ptmr7t!
Missing character: There is no √ in font ptmr7t!
Missing character: There is no º in font ptmr7t!
Missing character: There is no √ in font ptmr7t!
Missing character: There is no ü in font ptmr7t!
Missing character: There is no √ in font ptmr7t!
Missing character: There is no º in font ptmr7t!
Missing character: There is no √ in font ptmr7t!
Missing character: There is no ú in font ptmr7t!
Missing character: There is no √ in font ptmr7t!
Missing character: There is no ü in font ptmr7t!
Missing character: There is no √ in font ptmr7t!
Missing character: There is no º in font ptmr7t!
Missing character: There is no √ in font ptmr7t!
Missing character: There is no º in font ptmr7t!
Missing character: There is no √ in font ptmr7t!
Missing character: There is no º in font ptmr7t!
) (Sections/Motivation.tex

! Package caption Error: \subcaption outside float.

See the caption package documentation for explanation.
Type  H <return>  for immediate help.
 ...                                              
                                                  
l.3 \subcaption
               {Einleitung}\label{Einleitung}
If you do not understand this error, please take a closer look
at the documentation of the `caption' package, especially the
section about errors.
Try typing  <return>  to proceed.
If that doesn't work, type  X <return>  to quit.

Missing character: There is no √ in font ptmr7t!
Missing character: There is no º in font ptmr7t!
Missing character: There is no √ in font ptmr7t!
Missing character: There is no º in font ptmr7t!
Missing character: There is no √ in font ptmr7t!
Missing character: There is no º in font ptmr7t!
Missing character: There is no √ in font ptmr7t!
Missing character: There is no § in font ptmr7t!
Missing character: There is no √ in font ptmr7t!
Missing character: There is no § in font ptmr7t!
Missing character: There is no √ in font ptmr7t!
Missing character: There is no § in font ptmr7t!
Missing character: There is no √ in font ptmr7t!
Missing character: There is no § in font ptmr7t!
Missing character: There is no √ in font ptmr7t!
Missing character: There is no § in font ptmr7t!

! Package caption Error: \subcaption outside float.

See the caption package documentation for explanation.
Type  H <return>  for immediate help.
 ...                                              
                                                  
l.7 \subcaption
               {Workshop Aufgabe}\label{Workshop Aufgabe}
If you do not understand this error, please take a closer look
at the documentation of the `caption' package, especially the
section about errors.
Try typing  <return>  to proceed.
If that doesn't work, type  X <return>  to quit.

Missing character: There is no √ in font ptmr7t!
Missing character: There is no ∂ in font ptmr7t!
Missing character: There is no √ in font ptmr7t!
Missing character: There is no º in font ptmr7t!
Missing character: There is no √ in font ptmr7t!
Missing character: There is no ü in font ptmr7t!
Missing character: There is no √ in font ptmr7t!
Missing character: There is no § in font ptmr7t!
Missing character: There is no √ in font ptmr7t!
Missing character: There is no § in font ptmr7t!
<Pictures/Microsoft_Gestenerkennung.jpg, id=67, 899.61093pt x 347.79938pt>
File: Pictures/Microsoft_Gestenerkennung.jpg Graphic file (type jpg)

<use Pictures/Microsoft_Gestenerkennung.jpg>
Package pdftex.def Info: Pictures/Microsoft_Gestenerkennung.jpg used on input l
ine 13.
(pdftex.def)             Requested size: 227.74333pt x 88.04817pt.


LaTeX Warning: `!h' float specifier changed to `!ht'.

) (Sections/Ziele.tex) (Sections/Umsetzung_Methoden.tex
Missing character: There is no √ in font ptmr7t!
Missing character: There is no § in font ptmr7t!
Missing character: There is no √ in font ptmr7t!
Missing character: There is no § in font ptmr7t!

Underfull \vbox (badness 7030) has occurred while \output is active []

 [1{C:/Users/Marius Becherer/AppData/Local/MiKTeX/2.9/pdftex/config/pdftex.map}


]
Missing character: There is no ‚ in font ptmr7t!
Missing character: There is no Ä in font ptmr7t!
Missing character: There is no ô in font ptmr7t!
Missing character: There is no √ in font ptmr7t!
Missing character: There is no ∂ in font ptmr7t!
Missing character: There is no √ in font ptmr7t!
Missing character: There is no º in font ptmr7t!
Missing character: There is no √ in font ptmr7t!
Missing character: There is no Ñ in font ptmr7t!
Missing character: There is no √ in font ptmr7t!
Missing character: There is no § in font ptmr7t!
Missing character: There is no √ in font ptmr7t!
Missing character: There is no º in font ptmr7t!
Missing character: There is no √ in font ptmr7t!
Missing character: There is no º in font ptmr7t!
Missing character: There is no √ in font ptmr7t!
Missing character: There is no ∂ in font ptmr7t!
Missing character: There is no √ in font ptmr7t!
Missing character: There is no § in font ptmr7t!
Missing character: There is no √ in font ptmr7t!
Missing character: There is no ∂ in font ptmr7t!
Missing character: There is no √ in font ptmr7t!
Missing character: There is no ü in font ptmr7t!
Missing character: There is no √ in font ptmr7t!
Missing character: There is no § in font ptmr7t!
Missing character: There is no √ in font ptmr7t!
Missing character: There is no § in font ptmr7t!
Missing character: There is no √ in font ptmr7t!
Missing character: There is no ∂ in font ptmr7t!
Missing character: There is no √ in font ptmr7t!
Missing character: There is no § in font ptmr7t!
Missing character: There is no √ in font ptmr7t!
Missing character: There is no ú in font ptmr7t!
Missing character: There is no √ in font ptmr7t!
Missing character: There is no º in font ptmr7t!
File: Pictures/Microsoft_Gestenerkennung.jpg Graphic file (type jpg)

<use Pictures/Microsoft_Gestenerkennung.jpg>
Package pdftex.def Info: Pictures/Microsoft_Gestenerkennung.jpg used on input l
ine 18.
(pdftex.def)             Requested size: 227.74333pt x 88.04817pt.


LaTeX Warning: `!h' float specifier changed to `!ht'.

Missing character: There is no √ in font ptmr7t!
Missing character: There is no º in font ptmr7t!
Missing character: There is no √ in font ptmr7t!
Missing character: There is no § in font ptmr7t!
Missing character: There is no √ in font ptmr7t!
Missing character: There is no ∂ in font ptmr7t!
Missing character: There is no √ in font ptmr7t!
Missing character: There is no º in font ptmr7t!
Missing character: There is no √ in font ptmr7t!
Missing character: There is no º in font ptmr7t!
Missing character: There is no √ in font ptmr7t!
Missing character: There is no º in font ptmr7t!
Missing character: There is no √ in font ptmr7t!
Missing character: There is no ∂ in font ptmr7t!
Missing character: There is no √ in font ptmr7t!
Missing character: There is no ∂ in font ptmr7t!
Missing character: There is no √ in font ptmr7t!
Missing character: There is no ü in font ptmr7t!
! Missing number, treated as zero.
<to be read again> 
                   \enit@shl 
l.30 	\item
            Gruppengr√∂√üe: 4 Personen
A number should have been here; I inserted `0'.
(If you can't figure out why I needed to see a number,
look up `weird error' in the index to The TeXbook.)

! Missing number, treated as zero.
<to be read again> 
                   \labelindent 
l.30 	\item
            Gruppengr√∂√üe: 4 Personen
A number should have been here; I inserted `0'.
(If you can't figure out why I needed to see a number,
look up `weird error' in the index to The TeXbook.)

! Illegal unit of measure (pt inserted).
<to be read again> 
                   \labelindent 
l.30 	\item
            Gruppengr√∂√üe: 4 Personen
Dimensions can be in units of em, ex, in, pt, pc,
cm, mm, dd, cc, nd, nc, bp, or sp; but yours is a new one!
I'll assume that you meant to say pt, for printer's points.
To recover gracefully from this error, it's best to
delete the erroneous units; e.g., type `2' to delete
two letters. (See Chapter 27 of The TeXbook.)

! You can't use `\relax' after \advance.
\enit@calcleft ...calcwidth \advance \labelindent 
                                                  \dimen@ \or \labelwidth \d...
l.30 	\item
            Gruppengr√∂√üe: 4 Personen
I'm forgetting what you said and not changing anything.

! Missing number, treated as zero.
<to be read again> 
                   \relax 
l.30 	\item
            Gruppengr√∂√üe: 4 Personen
A number should have been here; I inserted `0'.
(If you can't figure out why I needed to see a number,
look up `weird error' in the index to The TeXbook.)

! Illegal unit of measure (pt inserted).
<to be read again> 
                   \relax 
l.30 	\item
            Gruppengr√∂√üe: 4 Personen
Dimensions can be in units of em, ex, in, pt, pc,
cm, mm, dd, cc, nd, nc, bp, or sp; but yours is a new one!
I'll assume that you meant to say pt, for printer's points.
To recover gracefully from this error, it's best to
delete the erroneous units; e.g., type `2' to delete
two letters. (See Chapter 27 of The TeXbook.)

Missing character: There is no √ in font ptmr7t!
Missing character: There is no ∂ in font ptmr7t!
Missing character: There is no √ in font ptmr7t!
Missing character: There is no ü in font ptmr7t!
Missing character: There is no √ in font ptmr7t!
Missing character: There is no º in font ptmr7t!
Missing character: There is no √ in font ptmr7t!
Missing character: There is no º in font ptmr7t!
Missing character: There is no √ in font ptmr7t!
Missing character: There is no º in font ptmr7t!
Missing character: There is no √ in font ptmr7t!
Missing character: There is no ü in font ptmr7t!
Missing character: There is no √ in font ptmr7t!
Missing character: There is no º in font ptmr7t!
Missing character: There is no √ in font ptmr7t!
Missing character: There is no § in font ptmr7t!
Missing character: There is no √ in font ptmr7t!
Missing character: There is no § in font ptmr7t!
Missing character: There is no √ in font ptmr7t!
Missing character: There is no § in font ptmr7t!
Missing character: There is no √ in font ptmr7t!
Missing character: There is no § in font ptmr7t!

Underfull \hbox (badness 1796) in paragraph at lines 38--39
\OT1/ptm/m/n/10 prsen-tiert wer-den kon-nten. Dabei wur-den die Meth-o-den
 []

! Missing number, treated as zero.
<to be read again> 
                   \enit@shl 
l.41 	\item
            √úberwachung von K√∂rperfunktionen
A number should have been here; I inserted `0'.
(If you can't figure out why I needed to see a number,
look up `weird error' in the index to The TeXbook.)

! Missing number, treated as zero.
<to be read again> 
                   \labelindent 
l.41 	\item
            √úberwachung von K√∂rperfunktionen
A number should have been here; I inserted `0'.
(If you can't figure out why I needed to see a number,
look up `weird error' in the index to The TeXbook.)

! Illegal unit of measure (pt inserted).
<to be read again> 
                   \labelindent 
l.41 	\item
            √úberwachung von K√∂rperfunktionen
Dimensions can be in units of em, ex, in, pt, pc,
cm, mm, dd, cc, nd, nc, bp, or sp; but yours is a new one!
I'll assume that you meant to say pt, for printer's points.
To recover gracefully from this error, it's best to
delete the erroneous units; e.g., type `2' to delete
two letters. (See Chapter 27 of The TeXbook.)

! You can't use `\relax' after \advance.
\enit@calcleft ...calcwidth \advance \labelindent 
                                                  \dimen@ \or \labelwidth \d...
l.41 	\item
            √úberwachung von K√∂rperfunktionen
I'm forgetting what you said and not changing anything.

! Missing number, treated as zero.
<to be read again> 
                   \relax 
l.41 	\item
            √úberwachung von K√∂rperfunktionen
A number should have been here; I inserted `0'.
(If you can't figure out why I needed to see a number,
look up `weird error' in the index to The TeXbook.)

! Illegal unit of measure (pt inserted).
<to be read again> 
                   \relax 
l.41 	\item
            √úberwachung von K√∂rperfunktionen
Dimensions can be in units of em, ex, in, pt, pc,
cm, mm, dd, cc, nd, nc, bp, or sp; but yours is a new one!
I'll assume that you meant to say pt, for printer's points.
To recover gracefully from this error, it's best to
delete the erroneous units; e.g., type `2' to delete
two letters. (See Chapter 27 of The TeXbook.)

Missing character: There is no √ in font ptmr7t!
Missing character: There is no ú in font ptmr7t!
Missing character: There is no √ in font ptmr7t!
Missing character: There is no ∂ in font ptmr7t!
! Missing number, treated as zero.
<to be read again> 
                   \enit@shl 
l.43 		\item
             Herzschlag
A number should have been here; I inserted `0'.
(If you can't figure out why I needed to see a number,
look up `weird error' in the index to The TeXbook.)

! Missing number, treated as zero.
<to be read again> 
                   \labelindent 
l.43 		\item
             Herzschlag
A number should have been here; I inserted `0'.
(If you can't figure out why I needed to see a number,
look up `weird error' in the index to The TeXbook.)

! Illegal unit of measure (pt inserted).
<to be read again> 
                   \labelindent 
l.43 		\item
             Herzschlag
Dimensions can be in units of em, ex, in, pt, pc,
cm, mm, dd, cc, nd, nc, bp, or sp; but yours is a new one!
I'll assume that you meant to say pt, for printer's points.
To recover gracefully from this error, it's best to
delete the erroneous units; e.g., type `2' to delete
two letters. (See Chapter 27 of The TeXbook.)

! You can't use `\relax' after \advance.
\enit@calcleft ...calcwidth \advance \labelindent 
                                                  \dimen@ \or \labelwidth \d...
l.43 		\item
             Herzschlag
I'm forgetting what you said and not changing anything.

! Missing number, treated as zero.
<to be read again> 
                   \relax 
l.43 		\item
             Herzschlag
A number should have been here; I inserted `0'.
(If you can't figure out why I needed to see a number,
look up `weird error' in the index to The TeXbook.)

! Illegal unit of measure (pt inserted).
<to be read again> 
                   \relax 
l.43 		\item
             Herzschlag
Dimensions can be in units of em, ex, in, pt, pc,
cm, mm, dd, cc, nd, nc, bp, or sp; but yours is a new one!
I'll assume that you meant to say pt, for printer's points.
To recover gracefully from this error, it's best to
delete the erroneous units; e.g., type `2' to delete
two letters. (See Chapter 27 of The TeXbook.)

Missing character: There is no √ in font ptmr7t!
Missing character: There is no ∂ in font ptmr7t!
Missing character: There is no √ in font ptmr7t!
Missing character: There is no § in font ptmr7t!
) (Sections/Umsetzung_Anwendungsfaelle.tex
Missing character: There is no √ in font ptmrc7t!
Missing character: There is no § in font ptmrc7t!
Missing character: There is no √ in font ptmr7t!
Missing character: There is no § in font ptmr7t!
Missing character: There is no √ in font ptmr7t!
Missing character: There is no º in font ptmr7t!
Missing character: There is no √ in font ptmr7t!
Missing character: There is no § in font ptmr7t!
Missing character: There is no √ in font ptmr7t!
Missing character: There is no º in font ptmr7t!
Missing character: There is no √ in font ptmr7t!
Missing character: There is no ∂ in font ptmr7t!
Missing character: There is no √ in font ptmr7t!
Missing character: There is no º in font ptmr7t!
 [2 <./Pictures/Microsoft_Gestenerkennung.jpg>]
! Missing number, treated as zero.
<to be read again> 
                   \enit@shl 
l.7 	\item
           Gesichtsausdruck
A number should have been here; I inserted `0'.
(If you can't figure out why I needed to see a number,
look up `weird error' in the index to The TeXbook.)

! Missing number, treated as zero.
<to be read again> 
                   \labelindent 
l.7 	\item
           Gesichtsausdruck
A number should have been here; I inserted `0'.
(If you can't figure out why I needed to see a number,
look up `weird error' in the index to The TeXbook.)

! Illegal unit of measure (pt inserted).
<to be read again> 
                   \labelindent 
l.7 	\item
           Gesichtsausdruck
Dimensions can be in units of em, ex, in, pt, pc,
cm, mm, dd, cc, nd, nc, bp, or sp; but yours is a new one!
I'll assume that you meant to say pt, for printer's points.
To recover gracefully from this error, it's best to
delete the erroneous units; e.g., type `2' to delete
two letters. (See Chapter 27 of The TeXbook.)

! You can't use `\relax' after \advance.
\enit@calcleft ...calcwidth \advance \labelindent 
                                                  \dimen@ \or \labelwidth \d...
l.7 	\item
           Gesichtsausdruck
I'm forgetting what you said and not changing anything.

! Missing number, treated as zero.
<to be read again> 
                   \relax 
l.7 	\item
           Gesichtsausdruck
A number should have been here; I inserted `0'.
(If you can't figure out why I needed to see a number,
look up `weird error' in the index to The TeXbook.)

! Illegal unit of measure (pt inserted).
<to be read again> 
                   \relax 
l.7 	\item
           Gesichtsausdruck
Dimensions can be in units of em, ex, in, pt, pc,
cm, mm, dd, cc, nd, nc, bp, or sp; but yours is a new one!
I'll assume that you meant to say pt, for printer's points.
To recover gracefully from this error, it's best to
delete the erroneous units; e.g., type `2' to delete
two letters. (See Chapter 27 of The TeXbook.)

Missing character: There is no √ in font ptmr7t!
Missing character: There is no º in font ptmr7t!
! Missing number, treated as zero.
<to be read again> 
                   \enit@shl 
l.13 	\item
            Gruppengr√∂√üe: 4 Personen
A number should have been here; I inserted `0'.
(If you can't figure out why I needed to see a number,
look up `weird error' in the index to The TeXbook.)

! Missing number, treated as zero.
<to be read again> 
                   \labelindent 
l.13 	\item
            Gruppengr√∂√üe: 4 Personen
A number should have been here; I inserted `0'.
(If you can't figure out why I needed to see a number,
look up `weird error' in the index to The TeXbook.)

! Illegal unit of measure (pt inserted).
<to be read again> 
                   \labelindent 
l.13 	\item
            Gruppengr√∂√üe: 4 Personen
Dimensions can be in units of em, ex, in, pt, pc,
cm, mm, dd, cc, nd, nc, bp, or sp; but yours is a new one!
I'll assume that you meant to say pt, for printer's points.
To recover gracefully from this error, it's best to
delete the erroneous units; e.g., type `2' to delete
two letters. (See Chapter 27 of The TeXbook.)

! You can't use `\relax' after \advance.
\enit@calcleft ...calcwidth \advance \labelindent 
                                                  \dimen@ \or \labelwidth \d...
l.13 	\item
            Gruppengr√∂√üe: 4 Personen
I'm forgetting what you said and not changing anything.

! Missing number, treated as zero.
<to be read again> 
                   \relax 
l.13 	\item
            Gruppengr√∂√üe: 4 Personen
A number should have been here; I inserted `0'.
(If you can't figure out why I needed to see a number,
look up `weird error' in the index to The TeXbook.)

! Illegal unit of measure (pt inserted).
<to be read again> 
                   \relax 
l.13 	\item
            Gruppengr√∂√üe: 4 Personen
Dimensions can be in units of em, ex, in, pt, pc,
cm, mm, dd, cc, nd, nc, bp, or sp; but yours is a new one!
I'll assume that you meant to say pt, for printer's points.
To recover gracefully from this error, it's best to
delete the erroneous units; e.g., type `2' to delete
two letters. (See Chapter 27 of The TeXbook.)


Underfull \hbox (badness 10000) in paragraph at lines 11--13
\OT1/ptm/m/n/10 Die Grup-pen wur-den aufge-fordert, fol-gende Auf-gabe
 []

Missing character: There is no √ in font ptmr7t!
Missing character: There is no ∂ in font ptmr7t!
Missing character: There is no √ in font ptmr7t!
Missing character: There is no ü in font ptmr7t!
! Misplaced alignment tab character &.
l.15 	\item Arbeitsverfahren: Recherche &
                                          Entwicklung
I can't figure out why you would want to use a tab mark
here. If you just want an ampersand, the remedy is
simple: Just type `I\&' now. But if some right brace
up above has ended a previous alignment prematurely,
you're probably due for more error messages, and you
might try typing `S' now just to see what is salvageable.

! Missing number, treated as zero.
<to be read again> 
                   \enit@shl 
l.18 		\item
             Recherchieren Sie nach bestehenden Anwendungsf√§llen, bei denen...
A number should have been here; I inserted `0'.
(If you can't figure out why I needed to see a number,
look up `weird error' in the index to The TeXbook.)

! Missing number, treated as zero.
<to be read again> 
                   \labelindent 
l.18 		\item
             Recherchieren Sie nach bestehenden Anwendungsf√§llen, bei denen...
A number should have been here; I inserted `0'.
(If you can't figure out why I needed to see a number,
look up `weird error' in the index to The TeXbook.)

! Illegal unit of measure (pt inserted).
<to be read again> 
                   \labelindent 
l.18 		\item
             Recherchieren Sie nach bestehenden Anwendungsf√§llen, bei denen...
Dimensions can be in units of em, ex, in, pt, pc,
cm, mm, dd, cc, nd, nc, bp, or sp; but yours is a new one!
I'll assume that you meant to say pt, for printer's points.
To recover gracefully from this error, it's best to
delete the erroneous units; e.g., type `2' to delete
two letters. (See Chapter 27 of The TeXbook.)

! You can't use `\relax' after \advance.
\enit@calcleft ...calcwidth \advance \labelindent 
                                                  \dimen@ \or \labelwidth \d...
l.18 		\item
             Recherchieren Sie nach bestehenden Anwendungsf√§llen, bei denen...
I'm forgetting what you said and not changing anything.

! Missing number, treated as zero.
<to be read again> 
                   \relax 
l.18 		\item
             Recherchieren Sie nach bestehenden Anwendungsf√§llen, bei denen...
A number should have been here; I inserted `0'.
(If you can't figure out why I needed to see a number,
look up `weird error' in the index to The TeXbook.)

! Illegal unit of measure (pt inserted).
<to be read again> 
                   \relax 
l.18 		\item
             Recherchieren Sie nach bestehenden Anwendungsf√§llen, bei denen...
Dimensions can be in units of em, ex, in, pt, pc,
cm, mm, dd, cc, nd, nc, bp, or sp; but yours is a new one!
I'll assume that you meant to say pt, for printer's points.
To recover gracefully from this error, it's best to
delete the erroneous units; e.g., type `2' to delete
two letters. (See Chapter 27 of The TeXbook.)

Missing character: There is no √ in font ptmr7t!
Missing character: There is no § in font ptmr7t!
Missing character: There is no √ in font ptmr7t!
Missing character: There is no ú in font ptmr7t!
Missing character: There is no √ in font ptmr7t!
Missing character: There is no § in font ptmr7t!
Missing character: There is no √ in font ptmr7t!
Missing character: There is no ∂ in font ptmr7t!
Missing character: There is no √ in font ptmr7t!
Missing character: There is no § in font ptmr7t!
Missing character: There is no √ in font ptmr7t!
Missing character: There is no § in font ptmr7t!
Missing character: There is no √ in font ptmr7t!
Missing character: There is no § in font ptmr7t!
! Missing number, treated as zero.
<to be read again> 
                   \enit@shl 
l.30 	\item
            Schmerzerkennung von Patienten im Krankenhaus
A number should have been here; I inserted `0'.
(If you can't figure out why I needed to see a number,
look up `weird error' in the index to The TeXbook.)

! Missing number, treated as zero.
<to be read again> 
                   \labelindent 
l.30 	\item
            Schmerzerkennung von Patienten im Krankenhaus
A number should have been here; I inserted `0'.
(If you can't figure out why I needed to see a number,
look up `weird error' in the index to The TeXbook.)

! Illegal unit of measure (pt inserted).
<to be read again> 
                   \labelindent 
l.30 	\item
            Schmerzerkennung von Patienten im Krankenhaus
Dimensions can be in units of em, ex, in, pt, pc,
cm, mm, dd, cc, nd, nc, bp, or sp; but yours is a new one!
I'll assume that you meant to say pt, for printer's points.
To recover gracefully from this error, it's best to
delete the erroneous units; e.g., type `2' to delete
two letters. (See Chapter 27 of The TeXbook.)

! You can't use `\relax' after \advance.
\enit@calcleft ...calcwidth \advance \labelindent 
                                                  \dimen@ \or \labelwidth \d...
l.30 	\item
            Schmerzerkennung von Patienten im Krankenhaus
I'm forgetting what you said and not changing anything.

! Missing number, treated as zero.
<to be read again> 
                   \relax 
l.30 	\item
            Schmerzerkennung von Patienten im Krankenhaus
A number should have been here; I inserted `0'.
(If you can't figure out why I needed to see a number,
look up `weird error' in the index to The TeXbook.)

! Illegal unit of measure (pt inserted).
<to be read again> 
                   \relax 
l.30 	\item
            Schmerzerkennung von Patienten im Krankenhaus
Dimensions can be in units of em, ex, in, pt, pc,
cm, mm, dd, cc, nd, nc, bp, or sp; but yours is a new one!
I'll assume that you meant to say pt, for printer's points.
To recover gracefully from this error, it's best to
delete the erroneous units; e.g., type `2' to delete
two letters. (See Chapter 27 of The TeXbook.)

Missing character: There is no √ in font ptmr7t!
Missing character: There is no º in font ptmr7t!
Missing character: There is no √ in font ptmr7t!
Missing character: There is no º in font ptmr7t!
! Missing number, treated as zero.
<to be read again> 
                   \enit@shl 
l.37 	\item
            Vorteile:
A number should have been here; I inserted `0'.
(If you can't figure out why I needed to see a number,
look up `weird error' in the index to The TeXbook.)

! Missing number, treated as zero.
<to be read again> 
                   \labelindent 
l.37 	\item
            Vorteile:
A number should have been here; I inserted `0'.
(If you can't figure out why I needed to see a number,
look up `weird error' in the index to The TeXbook.)

! Illegal unit of measure (pt inserted).
<to be read again> 
                   \labelindent 
l.37 	\item
            Vorteile:
Dimensions can be in units of em, ex, in, pt, pc,
cm, mm, dd, cc, nd, nc, bp, or sp; but yours is a new one!
I'll assume that you meant to say pt, for printer's points.
To recover gracefully from this error, it's best to
delete the erroneous units; e.g., type `2' to delete
two letters. (See Chapter 27 of The TeXbook.)

! You can't use `\relax' after \advance.
\enit@calcleft ...calcwidth \advance \labelindent 
                                                  \dimen@ \or \labelwidth \d...
l.37 	\item
            Vorteile:
I'm forgetting what you said and not changing anything.

! Missing number, treated as zero.
<to be read again> 
                   \relax 
l.37 	\item
            Vorteile:
A number should have been here; I inserted `0'.
(If you can't figure out why I needed to see a number,
look up `weird error' in the index to The TeXbook.)

! Illegal unit of measure (pt inserted).
<to be read again> 
                   \relax 
l.37 	\item
            Vorteile:
Dimensions can be in units of em, ex, in, pt, pc,
cm, mm, dd, cc, nd, nc, bp, or sp; but yours is a new one!
I'll assume that you meant to say pt, for printer's points.
To recover gracefully from this error, it's best to
delete the erroneous units; e.g., type `2' to delete
two letters. (See Chapter 27 of The TeXbook.)

! Missing number, treated as zero.
<to be read again> 
                   \enit@shl 
l.39 		\item
             In den meisten Maschinen befindet sich heutzutage eine Webcam, ...
A number should have been here; I inserted `0'.
(If you can't figure out why I needed to see a number,
look up `weird error' in the index to The TeXbook.)

! Missing number, treated as zero.
<to be read again> 
                   \labelindent 
l.39 		\item
             In den meisten Maschinen befindet sich heutzutage eine Webcam, ...
A number should have been here; I inserted `0'.
(If you can't figure out why I needed to see a number,
look up `weird error' in the index to The TeXbook.)

! Illegal unit of measure (pt inserted).
<to be read again> 
                   \labelindent 
l.39 		\item
             In den meisten Maschinen befindet sich heutzutage eine Webcam, ...
Dimensions can be in units of em, ex, in, pt, pc,
cm, mm, dd, cc, nd, nc, bp, or sp; but yours is a new one!
I'll assume that you meant to say pt, for printer's points.
To recover gracefully from this error, it's best to
delete the erroneous units; e.g., type `2' to delete
two letters. (See Chapter 27 of The TeXbook.)

! You can't use `\relax' after \advance.
\enit@calcleft ...calcwidth \advance \labelindent 
                                                  \dimen@ \or \labelwidth \d...
l.39 		\item
             In den meisten Maschinen befindet sich heutzutage eine Webcam, ...
I'm forgetting what you said and not changing anything.

! Missing number, treated as zero.
<to be read again> 
                   \relax 
l.39 		\item
             In den meisten Maschinen befindet sich heutzutage eine Webcam, ...
A number should have been here; I inserted `0'.
(If you can't figure out why I needed to see a number,
look up `weird error' in the index to The TeXbook.)

! Illegal unit of measure (pt inserted).
<to be read again> 
                   \relax 
l.39 		\item
             In den meisten Maschinen befindet sich heutzutage eine Webcam, ...
Dimensions can be in units of em, ex, in, pt, pc,
cm, mm, dd, cc, nd, nc, bp, or sp; but yours is a new one!
I'll assume that you meant to say pt, for printer's points.
To recover gracefully from this error, it's best to
delete the erroneous units; e.g., type `2' to delete
two letters. (See Chapter 27 of The TeXbook.)

Missing character: There is no √ in font ptmr7t!
Missing character: There is no º in font ptmr7t!
Missing character: There is no √ in font ptmr7t!
Missing character: There is no § in font ptmr7t!
Missing character: There is no √ in font ptmr7t!
Missing character: There is no § in font ptmr7t!
Missing character: There is no √ in font ptmr7t!
Missing character: There is no ∂ in font ptmr7t!
Missing character: There is no √ in font ptmr7t!
Missing character: There is no § in font ptmr7t!
! Missing number, treated as zero.
<to be read again> 
                   \enit@shl 
l.43 		\item
             Ein Mensch kann seinen Gesichtsausdruck einfach manipulieren, i...
A number should have been here; I inserted `0'.
(If you can't figure out why I needed to see a number,
look up `weird error' in the index to The TeXbook.)

! Missing number, treated as zero.
<to be read again> 
                   \labelindent 
l.43 		\item
             Ein Mensch kann seinen Gesichtsausdruck einfach manipulieren, i...
A number should have been here; I inserted `0'.
(If you can't figure out why I needed to see a number,
look up `weird error' in the index to The TeXbook.)

! Illegal unit of measure (pt inserted).
<to be read again> 
                   \labelindent 
l.43 		\item
             Ein Mensch kann seinen Gesichtsausdruck einfach manipulieren, i...
Dimensions can be in units of em, ex, in, pt, pc,
cm, mm, dd, cc, nd, nc, bp, or sp; but yours is a new one!
I'll assume that you meant to say pt, for printer's points.
To recover gracefully from this error, it's best to
delete the erroneous units; e.g., type `2' to delete
two letters. (See Chapter 27 of The TeXbook.)

! You can't use `\relax' after \advance.
\enit@calcleft ...calcwidth \advance \labelindent 
                                                  \dimen@ \or \labelwidth \d...
l.43 		\item
             Ein Mensch kann seinen Gesichtsausdruck einfach manipulieren, i...
I'm forgetting what you said and not changing anything.

! Missing number, treated as zero.
<to be read again> 
                   \relax 
l.43 		\item
             Ein Mensch kann seinen Gesichtsausdruck einfach manipulieren, i...
A number should have been here; I inserted `0'.
(If you can't figure out why I needed to see a number,
look up `weird error' in the index to The TeXbook.)

! Illegal unit of measure (pt inserted).
<to be read again> 
                   \relax 
l.43 		\item
             Ein Mensch kann seinen Gesichtsausdruck einfach manipulieren, i...
Dimensions can be in units of em, ex, in, pt, pc,
cm, mm, dd, cc, nd, nc, bp, or sp; but yours is a new one!
I'll assume that you meant to say pt, for printer's points.
To recover gracefully from this error, it's best to
delete the erroneous units; e.g., type `2' to delete
two letters. (See Chapter 27 of The TeXbook.)

Missing character: There is no √ in font ptmr7t!
Missing character: There is no § in font ptmr7t!
Missing character: There is no √ in font ptmr7t!
Missing character: There is no ∂ in font ptmr7t!
Missing character: There is no √ in font ptmr7t!
Missing character: There is no § in font ptmr7t!
Missing character: There is no √ in font ptmr7t!
Missing character: There is no ∂ in font ptmr7t!
! Missing number, treated as zero.
<to be read again> 
                   \enit@shl 
l.50 	\item
            Alexa Bestellservice: Durch die Analyse der Sprachinformationen ...
A number should have been here; I inserted `0'.
(If you can't figure out why I needed to see a number,
look up `weird error' in the index to The TeXbook.)

! Missing number, treated as zero.
<to be read again> 
                   \labelindent 
l.50 	\item
            Alexa Bestellservice: Durch die Analyse der Sprachinformationen ...
A number should have been here; I inserted `0'.
(If you can't figure out why I needed to see a number,
look up `weird error' in the index to The TeXbook.)

! Illegal unit of measure (pt inserted).
<to be read again> 
                   \labelindent 
l.50 	\item
            Alexa Bestellservice: Durch die Analyse der Sprachinformationen ...
Dimensions can be in units of em, ex, in, pt, pc,
cm, mm, dd, cc, nd, nc, bp, or sp; but yours is a new one!
I'll assume that you meant to say pt, for printer's points.
To recover gracefully from this error, it's best to
delete the erroneous units; e.g., type `2' to delete
two letters. (See Chapter 27 of The TeXbook.)

! You can't use `\relax' after \advance.
\enit@calcleft ...calcwidth \advance \labelindent 
                                                  \dimen@ \or \labelwidth \d...
l.50 	\item
            Alexa Bestellservice: Durch die Analyse der Sprachinformationen ...
I'm forgetting what you said and not changing anything.

! Missing number, treated as zero.
<to be read again> 
                   \relax 
l.50 	\item
            Alexa Bestellservice: Durch die Analyse der Sprachinformationen ...
A number should have been here; I inserted `0'.
(If you can't figure out why I needed to see a number,
look up `weird error' in the index to The TeXbook.)

! Illegal unit of measure (pt inserted).
<to be read again> 
                   \relax 
l.50 	\item
            Alexa Bestellservice: Durch die Analyse der Sprachinformationen ...
Dimensions can be in units of em, ex, in, pt, pc,
cm, mm, dd, cc, nd, nc, bp, or sp; but yours is a new one!
I'll assume that you meant to say pt, for printer's points.
To recover gracefully from this error, it's best to
delete the erroneous units; e.g., type `2' to delete
two letters. (See Chapter 27 of The TeXbook.)

Missing character: There is no √ in font ptmr7t!
Missing character: There is no º in font ptmr7t!
Missing character: There is no √ in font ptmr7t!
Missing character: There is no º in font ptmr7t!
Missing character: There is no √ in font ptmr7t!
Missing character: There is no º in font ptmr7t!
Missing character: There is no √ in font ptmr7t!
Missing character: There is no § in font ptmr7t!
Missing character: There is no √ in font ptmr7t!
Missing character: There is no § in font ptmr7t!
Missing character: There is no √ in font ptmr7t!
Missing character: There is no ∂ in font ptmr7t!
Missing character: There is no √ in font ptmr7t!
Missing character: There is no § in font ptmr7t!
Missing character: There is no √ in font ptmr7t!
Missing character: There is no Ñ in font ptmr7t!
Missing character: There is no √ in font ptmr7t!
Missing character: There is no º in font ptmr7t!
Missing character: There is no √ in font ptmr7t!
Missing character: There is no ∂ in font ptmr7t!
Missing character: There is no √ in font ptmr7t!
Missing character: There is no § in font ptmr7t!
Missing character: There is no √ in font ptmr7t!
Missing character: There is no ∂ in font ptmr7t!

Underfull \hbox (badness 3579) in paragraph at lines 52--53
[]\OT1/ptm/m/n/10 Notruferkennung: Es gibt Flle, bei de-nen Notrufe
 []

Missing character: There is no √ in font ptmr7t!
Missing character: There is no ∂ in font ptmr7t!
Missing character: There is no √ in font ptmr7t!
Missing character: There is no º in font ptmr7t!
Missing character: There is no √ in font ptmr7t!
Missing character: There is no ∂ in font ptmr7t!
Missing character: There is no √ in font ptmr7t!
Missing character: There is no ∂ in font ptmr7t!
Missing character: There is no √ in font ptmr7t!
Missing character: There is no º in font ptmr7t!
Missing character: There is no √ in font ptmr7t!
Missing character: There is no ∂ in font ptmr7t!
Missing character: There is no √ in font ptmr7t!
Missing character: There is no ∂ in font ptmr7t!
! Missing number, treated as zero.
<to be read again> 
                   \enit@shl 
l.58 	\item
            Vorteile:
A number should have been here; I inserted `0'.
(If you can't figure out why I needed to see a number,
look up `weird error' in the index to The TeXbook.)

! Missing number, treated as zero.
<to be read again> 
                   \labelindent 
l.58 	\item
            Vorteile:
A number should have been here; I inserted `0'.
(If you can't figure out why I needed to see a number,
look up `weird error' in the index to The TeXbook.)

! Illegal unit of measure (pt inserted).
<to be read again> 
                   \labelindent 
l.58 	\item
            Vorteile:
Dimensions can be in units of em, ex, in, pt, pc,
cm, mm, dd, cc, nd, nc, bp, or sp; but yours is a new one!
I'll assume that you meant to say pt, for printer's points.
To recover gracefully from this error, it's best to
delete the erroneous units; e.g., type `2' to delete
two letters. (See Chapter 27 of The TeXbook.)

! You can't use `\relax' after \advance.
\enit@calcleft ...calcwidth \advance \labelindent 
                                                  \dimen@ \or \labelwidth \d...
l.58 	\item
            Vorteile:
I'm forgetting what you said and not changing anything.

! Missing number, treated as zero.
<to be read again> 
                   \relax 
l.58 	\item
            Vorteile:
A number should have been here; I inserted `0'.
(If you can't figure out why I needed to see a number,
look up `weird error' in the index to The TeXbook.)

! Illegal unit of measure (pt inserted).
<to be read again> 
                   \relax 
l.58 	\item
            Vorteile:
Dimensions can be in units of em, ex, in, pt, pc,
cm, mm, dd, cc, nd, nc, bp, or sp; but yours is a new one!
I'll assume that you meant to say pt, for printer's points.
To recover gracefully from this error, it's best to
delete the erroneous units; e.g., type `2' to delete
two letters. (See Chapter 27 of The TeXbook.)

! Missing number, treated as zero.
<to be read again> 
                   \enit@shl 
l.60 		\item
             Diese Methode l√§sst sich meist ohne zus√§tzliche Hardware eins...
A number should have been here; I inserted `0'.
(If you can't figure out why I needed to see a number,
look up `weird error' in the index to The TeXbook.)

! Missing number, treated as zero.
<to be read again> 
                   \labelindent 
l.60 		\item
             Diese Methode l√§sst sich meist ohne zus√§tzliche Hardware eins...
A number should have been here; I inserted `0'.
(If you can't figure out why I needed to see a number,
look up `weird error' in the index to The TeXbook.)

! Illegal unit of measure (pt inserted).
<to be read again> 
                   \labelindent 
l.60 		\item
             Diese Methode l√§sst sich meist ohne zus√§tzliche Hardware eins...
Dimensions can be in units of em, ex, in, pt, pc,
cm, mm, dd, cc, nd, nc, bp, or sp; but yours is a new one!
I'll assume that you meant to say pt, for printer's points.
To recover gracefully from this error, it's best to
delete the erroneous units; e.g., type `2' to delete
two letters. (See Chapter 27 of The TeXbook.)

! You can't use `\relax' after \advance.
\enit@calcleft ...calcwidth \advance \labelindent 
                                                  \dimen@ \or \labelwidth \d...
l.60 		\item
             Diese Methode l√§sst sich meist ohne zus√§tzliche Hardware eins...
I'm forgetting what you said and not changing anything.

! Missing number, treated as zero.
<to be read again> 
                   \relax 
l.60 		\item
             Diese Methode l√§sst sich meist ohne zus√§tzliche Hardware eins...
A number should have been here; I inserted `0'.
(If you can't figure out why I needed to see a number,
look up `weird error' in the index to The TeXbook.)

! Illegal unit of measure (pt inserted).
<to be read again> 
                   \relax 
l.60 		\item
             Diese Methode l√§sst sich meist ohne zus√§tzliche Hardware eins...
Dimensions can be in units of em, ex, in, pt, pc,
cm, mm, dd, cc, nd, nc, bp, or sp; but yours is a new one!
I'll assume that you meant to say pt, for printer's points.
To recover gracefully from this error, it's best to
delete the erroneous units; e.g., type `2' to delete
two letters. (See Chapter 27 of The TeXbook.)

Missing character: There is no √ in font ptmr7t!
Missing character: There is no § in font ptmr7t!
Missing character: There is no √ in font ptmr7t!
Missing character: There is no § in font ptmr7t!
! Missing number, treated as zero.
<to be read again> 
                   \enit@shl 
l.64 		\item
             Auch die Sprachinformation lassen sich einfach manipulieren. Ei...
A number should have been here; I inserted `0'.
(If you can't figure out why I needed to see a number,
look up `weird error' in the index to The TeXbook.)

! Missing number, treated as zero.
<to be read again> 
                   \labelindent 
l.64 		\item
             Auch die Sprachinformation lassen sich einfach manipulieren. Ei...
A number should have been here; I inserted `0'.
(If you can't figure out why I needed to see a number,
look up `weird error' in the index to The TeXbook.)

! Illegal unit of measure (pt inserted).
<to be read again> 
                   \labelindent 
l.64 		\item
             Auch die Sprachinformation lassen sich einfach manipulieren. Ei...
Dimensions can be in units of em, ex, in, pt, pc,
cm, mm, dd, cc, nd, nc, bp, or sp; but yours is a new one!
I'll assume that you meant to say pt, for printer's points.
To recover gracefully from this error, it's best to
delete the erroneous units; e.g., type `2' to delete
two letters. (See Chapter 27 of The TeXbook.)

! You can't use `\relax' after \advance.
\enit@calcleft ...calcwidth \advance \labelindent 
                                                  \dimen@ \or \labelwidth \d...
l.64 		\item
             Auch die Sprachinformation lassen sich einfach manipulieren. Ei...
I'm forgetting what you said and not changing anything.

! Missing number, treated as zero.
<to be read again> 
                   \relax 
l.64 		\item
             Auch die Sprachinformation lassen sich einfach manipulieren. Ei...
A number should have been here; I inserted `0'.
(If you can't figure out why I needed to see a number,
look up `weird error' in the index to The TeXbook.)

! Illegal unit of measure (pt inserted).
<to be read again> 
                   \relax 
l.64 		\item
             Auch die Sprachinformation lassen sich einfach manipulieren. Ei...
Dimensions can be in units of em, ex, in, pt, pc,
cm, mm, dd, cc, nd, nc, bp, or sp; but yours is a new one!
I'll assume that you meant to say pt, for printer's points.
To recover gracefully from this error, it's best to
delete the erroneous units; e.g., type `2' to delete
two letters. (See Chapter 27 of The TeXbook.)

Missing character: There is no √ in font ptmr7t!
Missing character: There is no § in font ptmr7t!
Missing character: There is no √ in font ptmr7t!
Missing character: There is no ∂ in font ptmr7t!
Missing character: There is no √ in font ptmr7t!
Missing character: There is no § in font ptmr7t!
Missing character: There is no √ in font ptmr7t!
Missing character: There is no º in font ptmr7t!
Missing character: There is no √ in font ptmr7t!
Missing character: There is no º in font ptmr7t!
Missing character: There is no √ in font ptmr7t!
Missing character: There is no º in font ptmr7t!
Missing character: There is no √ in font ptmr7t!
Missing character: There is no § in font ptmr7t!
Missing character: There is no √ in font ptmr7t!
Missing character: There is no ∂ in font ptmr7t!
! Missing number, treated as zero.
<to be read again> 
                   \enit@shl 
l.72 	\item
            Schlafanalyse: Durch das messen der Hauttemperatur w√§hrend des ...
A number should have been here; I inserted `0'.
(If you can't figure out why I needed to see a number,
look up `weird error' in the index to The TeXbook.)

! Missing number, treated as zero.
<to be read again> 
                   \labelindent 
l.72 	\item
            Schlafanalyse: Durch das messen der Hauttemperatur w√§hrend des ...
A number should have been here; I inserted `0'.
(If you can't figure out why I needed to see a number,
look up `weird error' in the index to The TeXbook.)

! Illegal unit of measure (pt inserted).
<to be read again> 
                   \labelindent 
l.72 	\item
            Schlafanalyse: Durch das messen der Hauttemperatur w√§hrend des ...
Dimensions can be in units of em, ex, in, pt, pc,
cm, mm, dd, cc, nd, nc, bp, or sp; but yours is a new one!
I'll assume that you meant to say pt, for printer's points.
To recover gracefully from this error, it's best to
delete the erroneous units; e.g., type `2' to delete
two letters. (See Chapter 27 of The TeXbook.)

! You can't use `\relax' after \advance.
\enit@calcleft ...calcwidth \advance \labelindent 
                                                  \dimen@ \or \labelwidth \d...
l.72 	\item
            Schlafanalyse: Durch das messen der Hauttemperatur w√§hrend des ...
I'm forgetting what you said and not changing anything.

! Missing number, treated as zero.
<to be read again> 
                   \relax 
l.72 	\item
            Schlafanalyse: Durch das messen der Hauttemperatur w√§hrend des ...
A number should have been here; I inserted `0'.
(If you can't figure out why I needed to see a number,
look up `weird error' in the index to The TeXbook.)

! Illegal unit of measure (pt inserted).
<to be read again> 
                   \relax 
l.72 	\item
            Schlafanalyse: Durch das messen der Hauttemperatur w√§hrend des ...
Dimensions can be in units of em, ex, in, pt, pc,
cm, mm, dd, cc, nd, nc, bp, or sp; but yours is a new one!
I'll assume that you meant to say pt, for printer's points.
To recover gracefully from this error, it's best to
delete the erroneous units; e.g., type `2' to delete
two letters. (See Chapter 27 of The TeXbook.)

Missing character: There is no √ in font ptmr7t!
Missing character: There is no § in font ptmr7t!
Missing character: There is no √ in font ptmr7t!
Missing character: There is no ∂ in font ptmr7t!
Missing character: There is no √ in font ptmr7t!
Missing character: There is no ∂ in font ptmr7t!
[3]
! Missing number, treated as zero.
<to be read again> 
                   \enit@shl 
l.77 	\item
            Vorteile:
A number should have been here; I inserted `0'.
(If you can't figure out why I needed to see a number,
look up `weird error' in the index to The TeXbook.)

! Missing number, treated as zero.
<to be read again> 
                   \labelindent 
l.77 	\item
            Vorteile:
A number should have been here; I inserted `0'.
(If you can't figure out why I needed to see a number,
look up `weird error' in the index to The TeXbook.)

! Illegal unit of measure (pt inserted).
<to be read again> 
                   \labelindent 
l.77 	\item
            Vorteile:
Dimensions can be in units of em, ex, in, pt, pc,
cm, mm, dd, cc, nd, nc, bp, or sp; but yours is a new one!
I'll assume that you meant to say pt, for printer's points.
To recover gracefully from this error, it's best to
delete the erroneous units; e.g., type `2' to delete
two letters. (See Chapter 27 of The TeXbook.)

! You can't use `\relax' after \advance.
\enit@calcleft ...calcwidth \advance \labelindent 
                                                  \dimen@ \or \labelwidth \d...
l.77 	\item
            Vorteile:
I'm forgetting what you said and not changing anything.

! Missing number, treated as zero.
<to be read again> 
                   \relax 
l.77 	\item
            Vorteile:
A number should have been here; I inserted `0'.
(If you can't figure out why I needed to see a number,
look up `weird error' in the index to The TeXbook.)

! Illegal unit of measure (pt inserted).
<to be read again> 
                   \relax 
l.77 	\item
            Vorteile:
Dimensions can be in units of em, ex, in, pt, pc,
cm, mm, dd, cc, nd, nc, bp, or sp; but yours is a new one!
I'll assume that you meant to say pt, for printer's points.
To recover gracefully from this error, it's best to
delete the erroneous units; e.g., type `2' to delete
two letters. (See Chapter 27 of The TeXbook.)

! Missing number, treated as zero.
<to be read again> 
                   \enit@shl 
l.79 		\item
             Hauttemperatur Sensoren sind billig.
A number should have been here; I inserted `0'.
(If you can't figure out why I needed to see a number,
look up `weird error' in the index to The TeXbook.)

! Missing number, treated as zero.
<to be read again> 
                   \labelindent 
l.79 		\item
             Hauttemperatur Sensoren sind billig.
A number should have been here; I inserted `0'.
(If you can't figure out why I needed to see a number,
look up `weird error' in the index to The TeXbook.)

! Illegal unit of measure (pt inserted).
<to be read again> 
                   \labelindent 
l.79 		\item
             Hauttemperatur Sensoren sind billig.
Dimensions can be in units of em, ex, in, pt, pc,
cm, mm, dd, cc, nd, nc, bp, or sp; but yours is a new one!
I'll assume that you meant to say pt, for printer's points.
To recover gracefully from this error, it's best to
delete the erroneous units; e.g., type `2' to delete
two letters. (See Chapter 27 of The TeXbook.)

! You can't use `\relax' after \advance.
\enit@calcleft ...calcwidth \advance \labelindent 
                                                  \dimen@ \or \labelwidth \d...
l.79 		\item
             Hauttemperatur Sensoren sind billig.
I'm forgetting what you said and not changing anything.

! Missing number, treated as zero.
<to be read again> 
                   \relax 
l.79 		\item
             Hauttemperatur Sensoren sind billig.
A number should have been here; I inserted `0'.
(If you can't figure out why I needed to see a number,
look up `weird error' in the index to The TeXbook.)

! Illegal unit of measure (pt inserted).
<to be read again> 
                   \relax 
l.79 		\item
             Hauttemperatur Sensoren sind billig.
Dimensions can be in units of em, ex, in, pt, pc,
cm, mm, dd, cc, nd, nc, bp, or sp; but yours is a new one!
I'll assume that you meant to say pt, for printer's points.
To recover gracefully from this error, it's best to
delete the erroneous units; e.g., type `2' to delete
two letters. (See Chapter 27 of The TeXbook.)

! Missing number, treated as zero.
<to be read again> 
                   \enit@shl 
l.85 		\item
             Meist ist zus√§tzliche Hardware n√∂tig, die an der Haut einer P...
A number should have been here; I inserted `0'.
(If you can't figure out why I needed to see a number,
look up `weird error' in the index to The TeXbook.)

! Missing number, treated as zero.
<to be read again> 
                   \labelindent 
l.85 		\item
             Meist ist zus√§tzliche Hardware n√∂tig, die an der Haut einer P...
A number should have been here; I inserted `0'.
(If you can't figure out why I needed to see a number,
look up `weird error' in the index to The TeXbook.)

! Illegal unit of measure (pt inserted).
<to be read again> 
                   \labelindent 
l.85 		\item
             Meist ist zus√§tzliche Hardware n√∂tig, die an der Haut einer P...
Dimensions can be in units of em, ex, in, pt, pc,
cm, mm, dd, cc, nd, nc, bp, or sp; but yours is a new one!
I'll assume that you meant to say pt, for printer's points.
To recover gracefully from this error, it's best to
delete the erroneous units; e.g., type `2' to delete
two letters. (See Chapter 27 of The TeXbook.)

! You can't use `\relax' after \advance.
\enit@calcleft ...calcwidth \advance \labelindent 
                                                  \dimen@ \or \labelwidth \d...
l.85 		\item
             Meist ist zus√§tzliche Hardware n√∂tig, die an der Haut einer P...
I'm forgetting what you said and not changing anything.

! Missing number, treated as zero.
<to be read again> 
                   \relax 
l.85 		\item
             Meist ist zus√§tzliche Hardware n√∂tig, die an der Haut einer P...
A number should have been here; I inserted `0'.
(If you can't figure out why I needed to see a number,
look up `weird error' in the index to The TeXbook.)

! Illegal unit of measure (pt inserted).
<to be read again> 
                   \relax 
l.85 		\item
             Meist ist zus√§tzliche Hardware n√∂tig, die an der Haut einer P...
Dimensions can be in units of em, ex, in, pt, pc,
cm, mm, dd, cc, nd, nc, bp, or sp; but yours is a new one!
I'll assume that you meant to say pt, for printer's points.
To recover gracefully from this error, it's best to
delete the erroneous units; e.g., type `2' to delete
two letters. (See Chapter 27 of The TeXbook.)

Missing character: There is no √ in font ptmr7t!
Missing character: There is no § in font ptmr7t!
Missing character: There is no √ in font ptmr7t!
Missing character: There is no ∂ in font ptmr7t!
Missing character: There is no √ in font ptmr7t!
Missing character: There is no ü in font ptmr7t!
Missing character: There is no √ in font ptmr7t!
Missing character: There is no § in font ptmr7t!
Missing character: There is no √ in font ptmr7t!
Missing character: There is no ∂ in font ptmr7t!
Missing character: There is no √ in font ptmr7t!
Missing character: There is no § in font ptmr7t!
Missing character: There is no √ in font ptmr7t!
Missing character: There is no § in font ptmr7t!
Missing character: There is no √ in font ptmr7t!
Missing character: There is no § in font ptmr7t!
Missing character: There is no √ in font ptmr7t!
Missing character: There is no ∂ in font ptmr7t!
Missing character: There is no √ in font ptmr7t!
Missing character: There is no § in font ptmr7t!
) (Sections/Fazit.tex
<Pictures/Fazit_Grafik.jpg, id=112, 601.4972pt x 249.93375pt>
File: Pictures/Fazit_Grafik.jpg Graphic file (type jpg)

<use Pictures/Fazit_Grafik.jpg>
Package pdftex.def Info: Pictures/Fazit_Grafik.jpg used on input line 4.
(pdftex.def)             Requested size: 227.74333pt x 94.63257pt.
) (Sections/Diskussion.tex
Missing character: There is no √ in font ptmr7t!
Missing character: There is no § in font ptmr7t!
Missing character: There is no √ in font ptmr7t!
Missing character: There is no ∂ in font ptmr7t!
Missing character: There is no √ in font ptmri7t!
Missing character: There is no § in font ptmri7t!
Missing character: There is no √ in font ptmr7t!
Missing character: There is no ü in font ptmr7t!
Missing character: There is no √ in font ptmr7t!
Missing character: There is no § in font ptmr7t!
Missing character: There is no √ in font ptmr7t!
Missing character: There is no º in font ptmr7t!
Missing character: There is no √ in font ptmr7t!
Missing character: There is no º in font ptmr7t!
Missing character: There is no √ in font ptmr7t!
Missing character: There is no º in font ptmr7t!
Missing character: There is no √ in font ptmr7t!
Missing character: There is no § in font ptmr7t!
Missing character: There is no √ in font ptmr7t!
Missing character: There is no § in font ptmr7t!
Missing character: There is no √ in font ptmr7t!
Missing character: There is no § in font ptmr7t!
Missing character: There is no √ in font ptmr7t!
Missing character: There is no § in font ptmr7t!
Missing character: There is no √ in font ptmr7t!
Missing character: There is no º in font ptmr7t!
Missing character: There is no √ in font ptmr7t!
Missing character: There is no § in font ptmr7t!
Missing character: There is no √ in font ptmr7t!
Missing character: There is no º in font ptmr7t!
Missing character: There is no √ in font ptmr7t!
Missing character: There is no ü in font ptmr7t!
Missing character: There is no √ in font ptmr7t!
Missing character: There is no Ñ in font ptmr7t!
Missing character: There is no √ in font ptmr7t!
Missing character: There is no § in font ptmr7t!
Missing character: There is no √ in font ptmr7t!
Missing character: There is no § in font ptmr7t!
Missing character: There is no √ in font ptmr7t!
Missing character: There is no § in font ptmr7t!
Missing character: There is no √ in font ptmr7t!
Missing character: There is no ∂ in font ptmr7t!
Missing character: There is no √ in font ptmr7t!
Missing character: There is no ü in font ptmr7t!
Missing character: There is no √ in font ptmr7t!
Missing character: There is no º in font ptmr7t!
Missing character: There is no √ in font ptmr7t!
Missing character: There is no º in font ptmr7t!
Missing character: There is no √ in font ptmr7t!
Missing character: There is no º in font ptmr7t!
Missing character: There is no √ in font ptmr7t!
Missing character: There is no § in font ptmr7t!
Missing character: There is no √ in font ptmr7t!
Missing character: There is no § in font ptmr7t!
)
Missing character: There is no ‚ in font ptmr7t!
Missing character: There is no Ä in font ptmr7t!
Missing character: There is no ô in font ptmr7t!

Underfull \hbox (badness 1371) in paragraph at lines 231--233
[]\OT1/ptm/m/n/8 "Microsoft Azure Cog-ni-tive Ser-vices: Emo-tion-serken-nung".
 []$https : / /
 []


Underfull \hbox (badness 10000) in paragraph at lines 231--233
\OT1/ptm/m/n/8 azure . microsoft . com / de-[]de / services / cognitive-[]servi
ces / face / #recognition$[].
 []

Package atveryend Info: Empty hook `BeforeClearDocument' on input line 264.
[4 <./Pictures/Fazit_Grafik.jpg>]
Package atveryend Info: Empty hook `AfterLastShipout' on input line 264.
 (main.aux)
Package atveryend Info: Executing hook `AtVeryEndDocument' on input line 264.
Package atveryend Info: Executing hook `AtEndAfterFileList' on input line 264.
Package rerunfilecheck Info: File `main.out' has not changed.
(rerunfilecheck)             Checksum: 31E615369A57BA9A8F3FA0BF1366346C;980.


LaTeX Warning: There were multiply-defined labels.

 ) 
Here is how much of TeX's memory you used:
 11935 strings out of 493333
 186521 string characters out of 3139162
 341649 words of memory out of 3000000
 15227 multiletter control sequences out of 15000+200000
 39542 words of font info for 80 fonts, out of 3000000 for 9000
 1144 hyphenation exceptions out of 8191
 59i,7n,94p,1995b,410s stack positions out of 5000i,500n,10000p,200000b,50000s
{C:/Program Files/MiKTeX 2.9/fonts/enc/dvips/base/8r.enc}<C:/Program Files/Mi
KTeX 2.9/fonts/type1/public/amsfonts/cm/cmsy10.pfb><C:/Program Files/MiKTeX 2.9
/fonts/type1/urw/times/utmb8a.pfb><C:/Program Files/MiKTeX 2.9/fonts/type1/urw/
times/utmbi8a.pfb><C:/Program Files/MiKTeX 2.9/fonts/type1/urw/times/utmr8a.pfb
><C:/Program Files/MiKTeX 2.9/fonts/type1/urw/times/utmri8a.pfb>
Output written on main.pdf (4 pages, 184917 bytes).
PDF statistics:
 151 PDF objects out of 1000 (max. 8388607)
 38 named destinations out of 1000 (max. 500000)
 139 words of extra memory for PDF output out of 10000 (max. 10000000)

